# CPU / MEM TRACES
8 0.01138 vm1-1 MEM 669944
8 0.01138 vm1-1 CPU 1.95
8 0.523545 vm1-1 MEM 669944
8 0.523545 vm1-1 CPU 1.95
8 1.030565 vm1-1 MEM 669944
8 1.030565 vm1-1 CPU 1.97
8 1.536877 vm1-1 MEM 669944
8 1.536877 vm1-1 CPU 0.0
8 2.055094 vm1-1 MEM 669944
8 2.055094 vm1-1 CPU 3.86
8 2.569653 vm1-1 MEM 669944
8 2.569653 vm1-1 CPU 1.94
8 3.082591 vm1-1 MEM 669944
8 3.082591 vm1-1 CPU 1.95
8 3.592381 vm1-1 MEM 669944
8 3.592381 vm1-1 CPU 3.92
8 4.104974 vm1-1 MEM 669944
8 4.104974 vm1-1 CPU 1.95
8 4.619046 vm1-1 MEM 669944
8 4.619046 vm1-1 CPU 0.0
8 5.135336 vm1-1 MEM 669944
8 5.135336 vm1-1 CPU 5.81
8 5.640601 vm1-1 MEM 1231432
8 5.640601 vm1-1 CPU 156.33
8 6.145581 vm1-1 MEM 1231432
8 6.145581 vm1-1 CPU 201.96
8 6.650878 vm1-1 MEM 4077124
8 6.650878 vm1-1 CPU 201.86
8 7.155823 vm1-1 MEM 4077124
8 7.155823 vm1-1 CPU 196.06
8 7.660896 vm1-1 MEM 4104876
8 7.660896 vm1-1 CPU 186.11
8 8.165834 vm1-1 MEM 4104876
8 8.165834 vm1-1 CPU 180.23
8 8.672571 vm1-1 MEM 4098952
8 8.672571 vm1-1 CPU 144.05
8 9.177054 vm1-1 MEM 4098952
8 9.177054 vm1-1 CPU 146.69
8 9.681363 vm1-1 MEM 4074004
8 9.681363 vm1-1 CPU 166.56
8 10.186379 vm1-1 MEM 4074004
8 10.186379 vm1-1 CPU 164.35
8 10.698501 vm1-1 MEM 4089092
8 10.698501 vm1-1 CPU 85.93
8 11.203652 vm1-1 MEM 4089092
8 11.203652 vm1-1 CPU 1.98
8 11.708814 vm1-1 MEM 4089092
8 11.708814 vm1-1 CPU 1.98
8 12.214048 vm1-1 MEM 4089092
8 12.214048 vm1-1 CPU 3.96
8 12.719195 vm1-1 MEM 4089060
8 12.719195 vm1-1 CPU 0.0
8 13.224505 vm1-1 MEM 4089060
8 13.224505 vm1-1 CPU 57.39
8 13.729712 vm1-1 MEM 4087272
8 13.729712 vm1-1 CPU 164.28
8 14.234934 vm1-1 MEM 4087272
8 14.234934 vm1-1 CPU 158.35
8 14.740204 vm1-1 MEM 4081728
8 14.740204 vm1-1 CPU 150.41
8 15.245111 vm1-1 MEM 4081728
8 15.245111 vm1-1 CPU 150.52
8 15.749678 vm1-1 MEM 4082988
8 15.749678 vm1-1 CPU 148.65
8 16.254952 vm1-1 MEM 4082988
8 16.254952 vm1-1 CPU 158.33
8 16.760062 vm1-1 MEM 4082728
8 16.760062 vm1-1 CPU 162.34
8 17.265667 vm1-1 MEM 4082728
8 17.265667 vm1-1 CPU 170.1
8 17.770783 vm1-1 MEM 4086508
8 17.770783 vm1-1 CPU 152.43
8 18.27584 vm1-1 MEM 4086508
8 18.27584 vm1-1 CPU 162.36
8 18.780665 vm1-1 MEM 4085500
8 18.780665 vm1-1 CPU 150.54
8 19.285837 vm1-1 MEM 4085500
8 19.285837 vm1-1 CPU 156.41
8 19.790813 vm1-1 MEM 4080492
8 19.790813 vm1-1 CPU 148.5
8 20.295916 vm1-1 MEM 4080492
8 20.295916 vm1-1 CPU 156.4
8 20.800792 vm1-1 MEM 4078720
8 20.800792 vm1-1 CPU 162.42
8 21.305452 vm1-1 MEM 4078720
8 21.305452 vm1-1 CPU 174.37
8 21.810335 vm1-1 MEM 4077460
8 21.810335 vm1-1 CPU 152.52
8 22.316102 vm1-1 MEM 4077460
8 22.316102 vm1-1 CPU 150.29
8 22.820896 vm1-1 MEM 4090800
8 22.820896 vm1-1 CPU 144.59
8 23.325651 vm1-1 MEM 4090800
8 23.325651 vm1-1 CPU 158.5
8 23.830685 vm1-1 MEM 4065348
8 23.830685 vm1-1 CPU 160.4
8 24.335991 vm1-1 MEM 4065348
8 24.335991 vm1-1 CPU 160.28
8 24.841513 vm1-1 MEM 4080720
8 24.841513 vm1-1 CPU 162.2
8 25.346582 vm1-1 MEM 4080720
8 25.346582 vm1-1 CPU 188.11
8 25.851323 vm1-1 MEM 4086012
8 25.851323 vm1-1 CPU 164.42
8 26.356166 vm1-1 MEM 4086012
8 26.356166 vm1-1 CPU 170.35
8 26.860931 vm1-1 MEM 4085508
8 26.860931 vm1-1 CPU 164.43
8 27.365555 vm1-1 MEM 4085508
8 27.365555 vm1-1 CPU 180.35
8 27.870363 vm1-1 MEM 4060560
8 27.870363 vm1-1 CPU 178.28
8 28.375087 vm1-1 MEM 4060560
8 28.375087 vm1-1 CPU 170.39
8 28.879944 vm1-1 MEM 4078956
8 28.879944 vm1-1 CPU 166.38
8 29.385376 vm1-1 MEM 4078956
8 29.385376 vm1-1 CPU 166.21
8 29.890475 vm1-1 MEM 4085004
8 29.890475 vm1-1 CPU 164.33
8 30.395524 vm1-1 MEM 4085004
8 30.395524 vm1-1 CPU 164.32
8 30.900391 vm1-1 MEM 4081476
8 30.900391 vm1-1 CPU 166.38
8 31.404802 vm1-1 MEM 4081476
8 31.404802 vm1-1 CPU 166.54
8 31.909465 vm1-1 MEM 4080720
8 31.909465 vm1-1 CPU 164.46
8 32.414316 vm1-1 MEM 4080720
8 32.414316 vm1-1 CPU 160.44
8 32.919521 vm1-1 MEM 4077664
8 32.919521 vm1-1 CPU 166.28
8 33.424404 vm1-1 MEM 4077664
8 33.424404 vm1-1 CPU 164.38
8 33.9295 vm1-1 MEM 4083712
8 33.9295 vm1-1 CPU 166.32
8 34.434296 vm1-1 MEM 4083712
8 34.434296 vm1-1 CPU 164.42
8 34.939401 vm1-1 MEM 4085248
8 34.939401 vm1-1 CPU 164.32
8 35.44425 vm1-1 MEM 4085248
8 35.44425 vm1-1 CPU 162.42
8 35.9493 vm1-1 MEM 4083232
8 35.9493 vm1-1 CPU 166.33
8 36.454284 vm1-1 MEM 4083232
8 36.454284 vm1-1 CPU 170.3
8 36.959015 vm1-1 MEM 4080460
8 36.959015 vm1-1 CPU 164.44
8 37.463868 vm1-1 MEM 4080460
8 37.463868 vm1-1 CPU 166.38
8 37.968612 vm1-1 MEM 4082980
8 37.968612 vm1-1 CPU 180.29
8 38.473454 vm1-1 MEM 4082980
8 38.473454 vm1-1 CPU 166.39
8 38.978534 vm1-1 MEM 4087156
8 38.978534 vm1-1 CPU 160.38
8 39.483878 vm1-1 MEM 4087156
8 39.483878 vm1-1 CPU 154.34
8 39.988875 vm1-1 MEM 4086432
8 39.988875 vm1-1 CPU 162.38
8 40.494008 vm1-1 MEM 4086432
8 40.494008 vm1-1 CPU 158.38
8 40.999778 vm1-1 MEM 4088448
8 40.999778 vm1-1 CPU 138.42
8 41.507029 vm1-1 MEM 308540
8 41.507029 vm1-1 CPU 1.97
8 42.012363 vm1-1 MEM 308540
8 42.012363 vm1-1 CPU 1.98
8 42.521436 vm1-1 MEM 308556
8 42.521436 vm1-1 CPU 1.96
8 43.027919 vm1-1 MEM 308556
8 43.027919 vm1-1 CPU 1.97
8 43.538528 vm1-1 MEM 308540
8 43.538528 vm1-1 CPU 1.96

# NETWORK TRACES
15 28.0 LINK root vm1-1 84 vm1-2:vm1-1|0
14 28.0 LINK root vm1-1 84 vm1-1:vm1-2|0
15 29.0 LINK root vm1-1 84 vm1-2:vm1-1|1
14 29.0 LINK root vm1-1 84 vm1-1:vm1-2|1
15 30.0 LINK root vm1-1 84 vm1-2:vm1-1|2
14 30.0 LINK root vm1-1 84 vm1-1:vm1-2|2
15 31.0 LINK root vm1-1 84 vm1-2:vm1-1|3
14 31.0 LINK root vm1-1 84 vm1-1:vm1-2|3
15 32.0 LINK root vm1-1 84 vm1-2:vm1-1|4
14 32.0 LINK root vm1-1 84 vm1-1:vm1-2|4
15 33.0 LINK root vm1-1 84 vm1-2:vm1-1|5
14 33.0 LINK root vm1-1 84 vm1-1:vm1-2|5
15 34.0 LINK root vm1-1 84 vm1-2:vm1-1|6
14 34.0 LINK root vm1-1 84 vm1-1:vm1-2|6
15 35.0 LINK root vm1-1 84 vm1-2:vm1-1|7
14 35.0 LINK root vm1-1 84 vm1-1:vm1-2|7
15 36.0 LINK root vm1-1 84 vm1-2:vm1-1|8
14 36.0 LINK root vm1-1 84 vm1-1:vm1-2|8
15 37.0 LINK root vm1-1 84 vm1-2:vm1-1|9
14 37.0 LINK root vm1-1 84 vm1-1:vm1-2|9
15 38.0 LINK root vm1-1 84 vm1-2:vm1-1|10
14 38.0 LINK root vm1-1 84 vm1-1:vm1-2|10
15 39.0 LINK root vm1-1 84 vm1-2:vm1-1|11
14 39.0 LINK root vm1-1 84 vm1-1:vm1-2|11
