# CPU / MEM TRACES
8 0.01138 vm1-2 MEM 1266108
8 0.01138 vm1-2 CPU 3.93
8 0.523545 vm1-2 MEM 1266108
8 0.523545 vm1-2 CPU 3.91
8 1.030565 vm1-2 MEM 1266108
8 1.030565 vm1-2 CPU 1.97
8 1.536877 vm1-2 MEM 1266108
8 1.536877 vm1-2 CPU 1.97
8 2.055094 vm1-2 MEM 1266108
8 2.055094 vm1-2 CPU 3.91
8 2.569653 vm1-2 MEM 1266108
8 2.569653 vm1-2 CPU 1.94
8 3.082591 vm1-2 MEM 1266108
8 3.082591 vm1-2 CPU 3.89
8 3.592381 vm1-2 MEM 1266108
8 3.592381 vm1-2 CPU 1.95
8 4.104974 vm1-2 MEM 1266108
8 4.104974 vm1-2 CPU 1.97
8 4.619046 vm1-2 MEM 1266108
8 4.619046 vm1-2 CPU 1.95
8 5.135336 vm1-2 MEM 1266108
8 5.135336 vm1-2 CPU 5.82
8 5.640601 vm1-2 MEM 1266108
8 5.640601 vm1-2 CPU 1.96
8 6.145581 vm1-2 MEM 1266108
8 6.145581 vm1-2 CPU 0.0
8 6.650878 vm1-2 MEM 1266108
8 6.650878 vm1-2 CPU 0.0
8 7.155823 vm1-2 MEM 1266108
8 7.155823 vm1-2 CPU 0.0
8 7.660896 vm1-2 MEM 1266124
8 7.660896 vm1-2 CPU 3.96
8 8.165834 vm1-2 MEM 1266124
8 8.165834 vm1-2 CPU 0.0
8 8.672571 vm1-2 MEM 1266124
8 8.672571 vm1-2 CPU 1.97
8 9.177054 vm1-2 MEM 1266124
8 9.177054 vm1-2 CPU 0.0
8 9.681363 vm1-2 MEM 1266124
8 9.681363 vm1-2 CPU 1.98
8 10.186379 vm1-2 MEM 1266124
8 10.186379 vm1-2 CPU 0.0
8 10.698501 vm1-2 MEM 1266124
8 10.698501 vm1-2 CPU 1.96
8 11.203652 vm1-2 MEM 1266124
8 11.203652 vm1-2 CPU 66.97
8 11.708814 vm1-2 MEM 2035828
8 11.708814 vm1-2 CPU 100.97
8 12.214048 vm1-2 MEM 2035828
8 12.214048 vm1-2 CPU 100.94
8 12.719195 vm1-2 MEM 3318508
8 12.719195 vm1-2 CPU 98.96
8 13.224505 vm1-2 MEM 3318508
8 13.224505 vm1-2 CPU 102.97
8 13.729712 vm1-2 MEM 3318508
8 13.729712 vm1-2 CPU 100.92
8 14.234934 vm1-2 MEM 3318508
8 14.234934 vm1-2 CPU 100.97
8 14.740204 vm1-2 MEM 3318476
8 14.740204 vm1-2 CPU 100.93
8 15.245111 vm1-2 MEM 3318476
8 15.245111 vm1-2 CPU 100.95
8 15.749678 vm1-2 MEM 3318476
8 15.749678 vm1-2 CPU 101.1
8 16.254952 vm1-2 MEM 3318476
8 16.254952 vm1-2 CPU 100.98
8 16.760062 vm1-2 MEM 3318476
8 16.760062 vm1-2 CPU 100.93
8 17.265667 vm1-2 MEM 3318476
8 17.265667 vm1-2 CPU 100.95
8 17.770783 vm1-2 MEM 3318476
8 17.770783 vm1-2 CPU 100.9
8 18.27584 vm1-2 MEM 3318476
8 18.27584 vm1-2 CPU 100.97
8 18.780665 vm1-2 MEM 3318476
8 18.780665 vm1-2 CPU 100.98
8 19.285837 vm1-2 MEM 3318476
8 19.285837 vm1-2 CPU 101.05
8 19.790813 vm1-2 MEM 3010108
8 19.790813 vm1-2 CPU 100.95
8 20.295916 vm1-2 MEM 3010108
8 20.295916 vm1-2 CPU 100.96
8 20.800792 vm1-2 MEM 2663056
8 20.800792 vm1-2 CPU 100.97
8 21.305452 vm1-2 MEM 2663056
8 21.305452 vm1-2 CPU 101.08
8 21.810335 vm1-2 MEM 1798412
8 21.810335 vm1-2 CPU 101.01
8 22.316102 vm1-2 MEM 1798412
8 22.316102 vm1-2 CPU 100.98
8 22.820896 vm1-2 MEM 2804932
8 22.820896 vm1-2 CPU 100.89
8 23.325651 vm1-2 MEM 2804932
8 23.325651 vm1-2 CPU 101.05
8 23.830685 vm1-2 MEM 3318256
8 23.830685 vm1-2 CPU 101.0
8 24.335991 vm1-2 MEM 3318256
8 24.335991 vm1-2 CPU 15.83
8 24.841513 vm1-2 MEM 1266424
8 24.841513 vm1-2 CPU 7.91
8 25.346582 vm1-2 MEM 1266424
8 25.346582 vm1-2 CPU 1.98
8 25.851323 vm1-2 MEM 1266424
8 25.851323 vm1-2 CPU 1.98
8 26.356166 vm1-2 MEM 1266424
8 26.356166 vm1-2 CPU 0.0
8 26.860931 vm1-2 MEM 1266424
8 26.860931 vm1-2 CPU 1.98
8 27.365555 vm1-2 MEM 1266424
8 27.365555 vm1-2 CPU 3.96
8 27.870363 vm1-2 MEM 1266480
8 27.870363 vm1-2 CPU 0.0
8 28.375087 vm1-2 MEM 1266480
8 28.375087 vm1-2 CPU 3.96
8 28.879944 vm1-2 MEM 1266528
8 28.879944 vm1-2 CPU 0.0
8 29.385376 vm1-2 MEM 1266528
8 29.385376 vm1-2 CPU 3.96
8 29.890475 vm1-2 MEM 1266464
8 29.890475 vm1-2 CPU 0.0
8 30.395524 vm1-2 MEM 1266464
8 30.395524 vm1-2 CPU 1.98
8 30.900391 vm1-2 MEM 1266432
8 30.900391 vm1-2 CPU 1.98
8 31.404802 vm1-2 MEM 1266432
8 31.404802 vm1-2 CPU 1.98
8 31.909465 vm1-2 MEM 1266408
8 31.909465 vm1-2 CPU 1.98
8 32.414316 vm1-2 MEM 1266408
8 32.414316 vm1-2 CPU 1.98
8 32.919521 vm1-2 MEM 1266408
8 32.919521 vm1-2 CPU 0.0
8 33.424404 vm1-2 MEM 1266408
8 33.424404 vm1-2 CPU 1.98
8 33.9295 vm1-2 MEM 1266376
8 33.9295 vm1-2 CPU 0.0
8 34.434296 vm1-2 MEM 1266376
8 34.434296 vm1-2 CPU 1.98
8 34.939401 vm1-2 MEM 1266376
8 34.939401 vm1-2 CPU 1.98
8 35.44425 vm1-2 MEM 1266376
8 35.44425 vm1-2 CPU 1.98
8 35.9493 vm1-2 MEM 1266376
8 35.9493 vm1-2 CPU 0.0
8 36.454284 vm1-2 MEM 1266376
8 36.454284 vm1-2 CPU 3.96
8 36.959015 vm1-2 MEM 1266392
8 36.959015 vm1-2 CPU 0.0
8 37.463868 vm1-2 MEM 1266392
8 37.463868 vm1-2 CPU 1.98
8 37.968612 vm1-2 MEM 1266392
8 37.968612 vm1-2 CPU 1.98
8 38.473454 vm1-2 MEM 1266392
8 38.473454 vm1-2 CPU 0.0
8 38.978534 vm1-2 MEM 1266392
8 38.978534 vm1-2 CPU 3.96
8 39.483878 vm1-2 MEM 1266392
8 39.483878 vm1-2 CPU 1.98
8 39.988875 vm1-2 MEM 1266392
8 39.988875 vm1-2 CPU 0.0
8 40.494008 vm1-2 MEM 1266384
8 40.494008 vm1-2 CPU 1.98
8 40.999778 vm1-2 MEM 1266384
8 40.999778 vm1-2 CPU 0.0
8 41.507029 vm1-2 MEM 1266384
8 41.507029 vm1-2 CPU 1.97
8 42.012363 vm1-2 MEM 1266384
8 42.012363 vm1-2 CPU 9.88
8 42.521436 vm1-2 MEM 1266384
8 42.521436 vm1-2 CPU 1.97
8 43.027919 vm1-2 MEM 1266384
8 43.027919 vm1-2 CPU 1.97
8 43.538528 vm1-2 MEM 1266384
8 43.538528 vm1-2 CPU 1.97

# NETWORK TRACES
14 28.0 LINK root vm1-2 84 vm1-2:vm1-1|0
15 28.0 LINK root vm1-2 84 vm1-1:vm1-2|0
14 29.0 LINK root vm1-2 84 vm1-2:vm1-1|1
15 29.0 LINK root vm1-2 84 vm1-1:vm1-2|1
14 30.0 LINK root vm1-2 84 vm1-2:vm1-1|2
15 30.0 LINK root vm1-2 84 vm1-1:vm1-2|2
14 31.0 LINK root vm1-2 84 vm1-2:vm1-1|3
15 31.0 LINK root vm1-2 84 vm1-1:vm1-2|3
14 32.0 LINK root vm1-2 84 vm1-2:vm1-1|4
15 32.0 LINK root vm1-2 84 vm1-1:vm1-2|4
14 33.0 LINK root vm1-2 84 vm1-2:vm1-1|5
15 33.0 LINK root vm1-2 84 vm1-1:vm1-2|5
14 34.0 LINK root vm1-2 84 vm1-2:vm1-1|6
15 34.0 LINK root vm1-2 84 vm1-1:vm1-2|6
14 35.0 LINK root vm1-2 84 vm1-2:vm1-1|7
15 35.0 LINK root vm1-2 84 vm1-1:vm1-2|7
14 36.0 LINK root vm1-2 84 vm1-2:vm1-1|8
15 36.0 LINK root vm1-2 84 vm1-1:vm1-2|8
14 37.0 LINK root vm1-2 84 vm1-2:vm1-1|9
15 37.0 LINK root vm1-2 84 vm1-1:vm1-2|9
14 38.0 LINK root vm1-2 84 vm1-2:vm1-1|10
15 38.0 LINK root vm1-2 84 vm1-1:vm1-2|10
14 39.0 LINK root vm1-2 84 vm1-2:vm1-1|11
15 39.0 LINK root vm1-2 84 vm1-1:vm1-2|11
