%EventDef PajeDefineContainerType 0
%       Alias string
%       Type string
%       Name string
%EndEventDef
%EventDef PajeDefineVariableType 1
%       Alias string
%       Type string
%       Name string
%       Color color
%EndEventDef
%EventDef PajeDefineStateType 2
%       Alias string
%       Type string
%       Name string
%EndEventDef
%EventDef PajeDefineEventType 3
%       Alias string
%       Type string
%       Name string
%EndEventDef
%EventDef PajeDefineLinkType 4
%       Alias string
%       Type string
%       StartContainerType string
%       EndContainerType string
%       Name string
%EndEventDef
%EventDef PajeDefineEntityValue 5
%       Alias string
%       Type string
%       Name string
%       Color color
%EndEventDef
%EventDef PajeCreateContainer 6
%       Time date
%       Alias string
%       Type string
%       Container string
%       Name string
%EndEventDef
%EventDef PajeDestroyContainer 7
%       Time date
%       Type string
%       Name string
%EndEventDef
%EventDef PajeSetVariable 8
%       Time date
%       Container string
%       Type string
%       Value double
%EndEventDef
%EventDef PajeAddVariable 9
%       Time date
%       Type string
%       Container string
%       Value double
%EndEventDef
%EventDef PajeSubVariable 10
%       Time date
%       Type string
%       Container string
%       Value double
%EndEventDef
%EventDef PajeSetState 11
%       Time date
%       Type string
%       Container string
%       Value string
%EndEventDef
%EventDef PajePushState 12
%       Time date
%       Type string
%       Container string
%       Value string
%EndEventDef
%EventDef PajePopState 13
%       Time date
%       Type string
%       Container string
%EndEventDef
%EventDef PajeStartLink 14
%       Time date
%       Type string
%       Container string
%       StartContainer string
%       Value string
%       Key string
%EndEventDef
%EventDef PajeEndLink 15
%       Time date
%       Type string
%       Container string
%       EndContainer string
%       Value string
%       Key string
%EndEventDef
%EventDef PajeNewEvent 16
%       Time date
%       Type string
%       Container string
%       Value string
%EndEventDef

# ---------------------------------------
# --------- Definindo Entidades ---------
# ---------------------------------------

# - Definind Containers:
# -- Definindo Container ROOT:
0 ROOT 0 "ROOT"
# -- Definindo Container para máquinas nó NODE:
0 NODE ROOT "NODE"
# -- Definindo Container para máquinas virtuais VM:
0 VM NODE "VM"

# - Definindo Variáveis do projeto:
1 CPU VM "CPU" "0 0 0"
1 MEM VM "Memory" "0 0 0"

# - Definind Eventos do projeto
3 SM VM "SendMessage"
3 RM VM "ReceiveMessage"

# - Definind Link do projeto
4 LINK 0 VM VM "LINK"

# ---------------------------------------
# -------- Inicializando Valores --------
# ---------------------------------------

# - Inicializando Containers:
6 0.0 root ROOT 0 "root"
# -- Inicializando Máquinas Nó:
6 0.0 mj1 NODE root "mojito1"
6 0.0 mj2 NODE root "mojito2"
6 0.0 mj3 NODE root "mojito3"
6 0.0 mj4 NODE root "mojito4"
6 0.0 mj5 NODE root "mojito5"
6 0.0 mj6 NODE root "mojito6"
6 0.0 mj7 NODE root "mojito7"
6 0.0 mj8 NODE root "mojito8"
6 0.0 Unknown NODE root "Unknown"

# -- Inicializando Máquinas Virtuais:
6 0.0 testvm1-1 VM mj1 "testvm1-1"
6 0.0 testvm2-1 VM mj2 "testvm2-1"
6 0.0 testvm3-1 VM mj3 "testvm3-1"
6 0.0 testvm4-1 VM mj4 "testvm4-1"
6 0.0 testvm5-1 VM mj5 "testvm5-1"
6 0.0 testvm6-1 VM mj6 "testvm6-1"
6 0.0 testvm7-1 VM mj7 "testvm7-1"
6 0.0 testvm8-1 VM mj8 "testvm8-1"

# - Inicializando Cargas:
8 0.0 testvm1-1 CPU 0.0
8 0 testvm1-1 MEM 0

8 0.0 testvm2-1 CPU 0.0
8 0.0 testvm2-1 MEM 0

8 0.0 testvm3-1 CPU 0.0
8 0.0 testvm3-1 MEM 0

8 0.0 testvm4-1 CPU 0.0
8 0.0 testvm4-1 MEM 0

8 0.0 testvm5-1 CPU 0.0
8 0.0 testvm5-1 MEM 0

8 0.0 testvm6-1 CPU 0.0
8 0.0 testvm6-1 MEM 0

8 0.0 testvm7-1 CPU 0.0
8 0.0 testvm7-1 MEM 0

8 0.0 testvm8-1 CPU 0.0
8 0.0 testvm8-1 MEM 0

# ---------------------------------------
# --------- Efetuando Processos ---------
# ---------------------------------------


